<?xml version="1.0" encoding="UTF-8"?>
<testsuite name="CalculadoraTest" tests="1" skipped="0" failures="0" errors="0" timestamp="2022-05-27T21:37:22" hostname="DESKTOP-VA96K91" time="0.031">
  <properties/>
  <testcase name="potencia()" classname="CalculadoraTest" time="0.031"/>
  <system-out><![CDATA[]]></system-out>
  <system-err><![CDATA[]]></system-err>
</testsuite>
